SF:lib/data/repositories/series_repository_impl.dart
DA:13,1
DA:18,1
DA:21,2
DA:22,5
DA:23,1
DA:24,3
DA:25,1
DA:27,0
DA:28,0
DA:30,0
DA:34,1
DA:37,2
DA:38,2
DA:39,1
DA:40,3
DA:41,1
DA:43,0
DA:44,0
DA:46,0
DA:50,1
DA:53,2
DA:54,3
DA:55,1
DA:57,1
DA:59,0
DA:60,0
DA:62,0
DA:66,1
DA:69,2
DA:70,5
DA:71,1
DA:72,3
DA:73,1
DA:75,0
DA:76,0
DA:78,0
DA:82,1
DA:85,2
DA:86,5
DA:87,1
DA:88,3
DA:89,1
DA:91,0
DA:92,0
DA:94,0
DA:98,1
DA:101,2
DA:102,5
DA:103,1
DA:104,3
DA:105,1
DA:107,0
DA:108,0
DA:110,0
DA:114,1
DA:117,1
DA:118,2
DA:119,1
DA:120,1
DA:121,3
DA:123,0
DA:127,1
DA:130,1
DA:131,2
DA:132,1
DA:133,1
DA:134,3
DA:136,0
DA:140,1
DA:142,2
DA:146,1
DA:148,2
DA:149,5
LF:73
LH:53
end_of_record
SF:lib/data/datasources/series_local_data_source.dart
DA:13,0
DA:15,0
DA:18,0
DA:21,0
DA:25,0
DA:28,0
DA:31,0
DA:35,0
DA:37,0
DA:39,0
DA:45,0
DA:47,0
DA:48,0
LF:13
LH:0
end_of_record
SF:lib/data/datasources/series_remote_data_source.dart
DA:18,0
DA:20,0
DA:23,0
DA:25,0
DA:26,0
DA:28,0
DA:29,0
DA:30,0
DA:35,0
DA:37,0
DA:39,0
DA:40,0
DA:42,0
DA:43,0
DA:44,0
DA:49,0
DA:52,0
DA:54,0
DA:55,0
DA:57,0
DA:58,0
DA:59,0
DA:64,0
DA:66,0
DA:68,0
DA:69,0
DA:71,0
DA:72,0
DA:73,0
DA:78,0
DA:81,0
DA:83,0
DA:84,0
DA:86,0
DA:87,0
DA:88,0
DA:93,0
DA:96,0
DA:98,0
DA:99,0
DA:101,0
DA:102,0
DA:103,0
DA:108,0
DA:110,0
LF:45
LH:0
end_of_record
SF:lib/domain/usecases/save_watchlist_series.dart
DA:8,1
DA:10,1
DA:11,2
LF:3
LH:3
end_of_record
SF:lib/domain/usecases/get_top_rated_series.dart
DA:8,1
DA:10,1
DA:11,2
LF:3
LH:3
end_of_record
SF:lib/domain/usecases/get_on_air_series.dart
DA:8,1
DA:10,1
DA:11,2
LF:3
LH:3
end_of_record
SF:lib/domain/usecases/get_watchlist_series.dart
DA:8,1
DA:10,1
DA:11,2
LF:3
LH:3
end_of_record
SF:lib/domain/usecases/remove_watchlist_series.dart
DA:8,1
DA:10,1
DA:11,2
LF:3
LH:3
end_of_record
SF:lib/domain/usecases/get_series_detail.dart
DA:8,1
DA:10,1
DA:11,2
LF:3
LH:3
end_of_record
SF:lib/domain/usecases/search_series.dart
DA:8,1
DA:10,1
DA:11,2
LF:3
LH:3
end_of_record
SF:lib/domain/usecases/get_popular_series.dart
DA:8,1
DA:10,1
DA:11,2
LF:3
LH:3
end_of_record
SF:lib/domain/usecases/get_series_recommendations.dart
DA:8,1
DA:10,1
DA:11,2
LF:3
LH:3
end_of_record
SF:lib/domain/usecases/get_watchlist_status_series.dart
DA:6,1
DA:8,1
DA:9,2
LF:3
LH:3
end_of_record
SF:lib/presentation/bloc/series_detail/watchlist/watchlist_state.dart
DA:8,1
DA:11,2
DA:13,1
DA:18,1
DA:19,0
DA:20,1
DA:25,1
DA:26,4
LF:8
LH:7
end_of_record
SF:lib/presentation/bloc/series_detail/watchlist/watchlist_cubit.dart
DA:14,1
DA:16,2
DA:18,1
DA:19,2
DA:20,2
DA:21,3
DA:24,1
DA:25,2
DA:27,1
DA:28,0
DA:29,0
DA:32,0
DA:35,1
DA:36,3
DA:45,1
DA:46,2
DA:48,1
DA:49,0
DA:50,0
DA:53,0
DA:56,1
DA:57,3
LF:22
LH:16
end_of_record
SF:lib/presentation/bloc/series_detail/series_detail_state.dart
DA:4,1
DA:6,1
DA:7,1
DA:18,1
DA:24,1
DA:26,5
DA:28,2
DA:31,2
DA:36,2
DA:41,1
DA:47,1
DA:48,1
DA:50,0
DA:60,1
DA:62,1
DA:63,2
LF:16
LH:15
end_of_record
SF:lib/presentation/bloc/series_detail/series_detail_cubit.dart
DA:14,1
DA:15,2
DA:17,1
DA:18,2
DA:19,2
DA:21,1
DA:22,1
DA:23,3
DA:25,1
DA:26,2
DA:27,1
DA:32,1
DA:33,3
DA:34,2
DA:36,1
DA:37,1
DA:38,4
DA:40,1
DA:41,3
LF:19
LH:19
end_of_record
SF:lib/presentation/bloc/on_air/on_air_cubit.dart
DA:10,3
DA:12,1
DA:13,2
DA:14,2
DA:16,1
DA:17,1
DA:18,3
DA:20,1
DA:21,2
LF:9
LH:9
end_of_record
SF:lib/presentation/bloc/on_air/on_air_state.dart
DA:4,1
DA:6,1
DA:7,1
DA:15,1
DA:17,1
DA:18,2
DA:24,1
DA:26,1
DA:27,2
LF:9
LH:9
end_of_record
SF:lib/presentation/bloc/popular/popular_state.dart
DA:4,1
DA:6,1
DA:7,1
DA:15,1
DA:17,1
DA:18,2
DA:24,1
DA:26,1
DA:27,2
LF:9
LH:9
end_of_record
SF:lib/presentation/bloc/popular/popular_cubit.dart
DA:10,3
DA:12,1
DA:13,2
DA:14,2
DA:16,1
DA:17,1
DA:18,3
DA:20,1
DA:21,2
LF:9
LH:9
end_of_record
SF:lib/presentation/bloc/search/search_cubit.dart
DA:10,3
DA:12,1
DA:13,2
DA:14,2
DA:16,1
DA:17,1
DA:18,3
DA:20,1
DA:21,2
LF:9
LH:9
end_of_record
SF:lib/presentation/bloc/search/search_state.dart
DA:4,1
DA:6,1
DA:7,1
DA:15,1
DA:17,1
DA:18,2
DA:24,1
DA:26,1
DA:27,2
LF:9
LH:9
end_of_record
SF:lib/presentation/bloc/top_rated/top_rated_state.dart
DA:4,1
DA:6,1
DA:7,1
DA:15,1
DA:17,1
DA:18,2
DA:24,1
DA:26,1
DA:27,2
LF:9
LH:9
end_of_record
SF:lib/presentation/bloc/top_rated/top_rated_cubit.dart
DA:10,3
DA:12,1
DA:13,2
DA:14,2
DA:16,1
DA:17,1
DA:18,3
DA:20,1
DA:21,2
LF:9
LH:9
end_of_record
SF:lib/presentation/bloc/watchlist/watchlist_cubit.dart
DA:10,3
DA:12,1
DA:13,2
DA:14,2
DA:16,1
DA:17,1
DA:18,3
DA:20,1
DA:21,2
LF:9
LH:9
end_of_record
SF:lib/presentation/bloc/watchlist/watchlist_state.dart
DA:4,1
DA:6,1
DA:7,1
DA:15,1
DA:17,1
DA:18,2
DA:24,1
DA:26,1
DA:27,2
LF:9
LH:9
end_of_record
