SF:lib/injection.dart
DA:7,3
DA:9,1
DA:11,2
DA:12,2
DA:13,0
DA:14,6
DA:15,6
DA:16,6
DA:17,2
DA:18,2
DA:20,2
DA:21,2
DA:22,0
DA:23,2
DA:24,2
DA:25,2
DA:26,2
DA:27,2
DA:30,6
DA:31,6
DA:32,6
DA:33,2
DA:34,2
DA:35,2
DA:36,2
DA:37,2
DA:38,2
DA:39,2
DA:41,2
DA:42,2
DA:43,2
DA:44,2
DA:45,1
DA:46,1
DA:47,2
DA:48,1
DA:49,1
DA:50,2
DA:51,2
DA:52,2
DA:55,2
DA:56,2
DA:57,2
DA:58,2
DA:61,2
DA:62,0
DA:63,0
DA:64,0
DA:69,2
DA:70,4
DA:71,2
DA:72,4
DA:73,2
DA:74,0
DA:75,2
DA:76,0
DA:79,4
DA:82,1
DA:83,3
LF:59
LH:52
end_of_record
SF:lib/main.dart
DA:15,0
DA:16,0
DA:17,0
DA:18,0
DA:19,0
DA:23,1
DA:24,1
DA:28,1
DA:30,2
DA:31,1
DA:34,1
DA:36,1
DA:38,2
DA:42,1
DA:44,1
DA:45,1
DA:46,1
DA:47,1
DA:48,4
DA:49,4
DA:50,4
DA:51,1
DA:52,1
DA:53,1
DA:54,1
DA:55,1
DA:56,1
DA:57,1
DA:58,1
DA:59,1
DA:61,1
DA:63,2
DA:67,1
DA:70,2
DA:71,1
DA:72,1
DA:73,1
DA:74,3
DA:75,1
DA:76,0
DA:77,0
DA:78,1
DA:79,0
DA:80,0
DA:81,1
DA:82,0
DA:83,0
DA:84,1
DA:85,0
DA:86,0
DA:87,1
DA:88,0
DA:89,0
DA:90,1
DA:91,0
DA:92,0
DA:93,0
DA:96,1
DA:97,0
DA:98,0
DA:99,1
DA:100,0
DA:101,0
DA:102,1
DA:103,0
DA:104,0
DA:105,1
DA:106,0
DA:107,0
DA:108,1
DA:109,0
DA:110,0
DA:111,1
DA:112,0
DA:113,0
DA:114,0
DA:118,2
DA:119,1
DA:120,2
LF:79
LH:48
end_of_record
SF:lib/presentation/pages/home/home_page.dart
DA:8,1
DA:9,1
DA:20,1
DA:22,1
DA:23,1
DA:24,1
DA:25,1
DA:26,1
DA:27,1
DA:28,1
DA:30,1
DA:31,1
DA:33,1
DA:34,1
DA:35,1
DA:36,0
DA:37,0
DA:38,0
DA:41,1
DA:42,1
DA:43,1
DA:44,0
DA:45,0
DA:46,0
DA:49,1
DA:50,1
DA:51,1
DA:52,0
DA:53,0
DA:54,0
DA:60,1
DA:61,2
DA:62,1
DA:63,3
DA:64,1
DA:65,0
DA:66,0
DA:67,0
DA:68,0
DA:69,0
DA:72,1
DA:74,1
DA:75,0
DA:76,0
DA:77,0
DA:78,0
DA:79,0
DA:82,1
DA:87,1
DA:89,3
LF:50
LH:31
end_of_record
